[2026-03-10 06:53:44] merlin-logger.DEBUG: The welcome step has been displayed [] []
[2026-03-10 06:53:48] merlin-logger.DEBUG: The license activation step has been displayed [] []
[2026-03-10 06:53:50] merlin-logger.DEBUG: The plugin installation step has been displayed [] []
[2026-03-10 06:54:01] merlin-logger.DEBUG: A plugin with the following data will be processed {"plugin_slug":"bravis-addons","message":"Installing"} []
[2026-03-10 06:54:10] merlin-logger.DEBUG: A plugin with the following data was processed {"plugin_slug":"bravis-addons"} []
[2026-03-10 06:54:11] merlin-logger.DEBUG: A plugin with the following data will be processed {"plugin_slug":"contact-form-7","message":"Installing"} []
[2026-03-10 06:54:19] merlin-logger.DEBUG: A plugin with the following data was processed {"plugin_slug":"contact-form-7"} []
[2026-03-10 06:54:19] merlin-logger.DEBUG: A plugin with the following data will be processed {"plugin_slug":"elementor","message":"Installing"} []
[2026-03-10 06:54:34] merlin-logger.DEBUG: A plugin with the following data was processed {"plugin_slug":"elementor"} []
[2026-03-10 06:54:34] merlin-logger.DEBUG: A plugin with the following data will be processed {"plugin_slug":"mailchimp-for-wp","message":"Installing"} []
[2026-03-10 06:54:44] merlin-logger.DEBUG: A plugin with the following data was processed {"plugin_slug":"mailchimp-for-wp"} []
[2026-03-10 06:54:44] merlin-logger.DEBUG: A plugin with the following data will be processed {"plugin_slug":"redux-framework","message":"Installing"} []
[2026-03-10 06:54:54] merlin-logger.DEBUG: A plugin with the following data was processed {"plugin_slug":"redux-framework"} []
[2026-03-10 06:54:54] merlin-logger.DEBUG: A plugin with the following data will be processed {"plugin_slug":"woocommerce","message":"Installing"} []
[2026-03-10 06:55:21] merlin-logger.DEBUG: A plugin with the following data was processed {"plugin_slug":"woocommerce"} []
[2026-03-10 06:55:21] merlin-logger.DEBUG: A plugin with the following data will be processed {"plugin_slug":"woo-smart-quick-view","message":"Installing"} []
[2026-03-10 06:55:31] merlin-logger.DEBUG: A plugin with the following data was processed {"plugin_slug":"woo-smart-quick-view"} []
[2026-03-10 06:55:31] merlin-logger.DEBUG: A plugin with the following data will be processed {"plugin_slug":"revslider","message":"Installing"} []
[2026-03-10 06:56:00] merlin-logger.DEBUG: A plugin with the following data was processed {"plugin_slug":"revslider"} []
[2026-03-10 06:56:03] merlin-logger.DEBUG: A plugin with the following data was processed {"plugin_slug":"revslider"} []
[2026-03-10 06:56:03] merlin-logger.DEBUG: A plugin with the following data will be processed {"plugin_slug":"woo-smart-wishlist","message":"Installing"} []
[2026-03-10 06:56:11] merlin-logger.DEBUG: A plugin with the following data was processed {"plugin_slug":"woo-smart-wishlist"} []
[2026-03-10 06:56:18] merlin-logger.DEBUG: The content import step has been displayed [] []
[2026-03-10 06:59:37] merlin-logger.DEBUG: The final step has been displayed [] []
