[10-Mar-2026 06:58:09 UTC] PHP Warning:  Attempt to read property "post_title" on null in /home/sethmunyasi/Local Sites/webuyewesthospital2/app/public/wp-content/plugins/elementor/core/isolation/elementor-adapter.php on line 28
[10-Mar-2026 07:40:21 UTC] PHP Warning:  Attempt to read property "cart_contents_count" on null in /home/sethmunyasi/Local Sites/webuyewesthospital2/app/public/wp-content/themes/meddox/elements/templates/pxl_icon_cart/layout-1.php on line 8
[10-Mar-2026 07:40:21 UTC] PHP Warning:  Attempt to read property "cart_contents_count" on null in /home/sethmunyasi/Local Sites/webuyewesthospital2/app/public/wp-content/themes/meddox/elements/templates/pxl_icon_cart/layout-1.php on line 8
[10-Mar-2026 07:45:22 UTC] PHP Warning:  Attempt to read property "cart_contents_count" on null in /home/sethmunyasi/Local Sites/webuyewesthospital2/app/public/wp-content/themes/meddox/elements/templates/pxl_icon_cart/layout-1.php on line 8
[10-Mar-2026 07:45:22 UTC] PHP Warning:  Attempt to read property "cart_contents_count" on null in /home/sethmunyasi/Local Sites/webuyewesthospital2/app/public/wp-content/themes/meddox/elements/templates/pxl_icon_cart/layout-1.php on line 8
[10-Mar-2026 09:26:01 UTC] PHP Parse error:  syntax error, unexpected string content "{"sections":[{"name":"section_..." in /home/sethmunyasi/Local Sites/webuyewesthospital2/app/public/wp-content/uploads/elementor-widget/class-pxl-button.php on line 8
[21-Mar-2026 04:53:41 UTC] PHP Fatal error:  Uncaught Error: Class "Elementor\Widget_Base" not found in /home/sethmunyasi/Local Sites/webuyewesthospital2/app/public/wp-content/plugins/clinical-services-plugin/widgets/class-carousel-widget.php:28
Stack trace:
#0 /home/sethmunyasi/Local Sites/webuyewesthospital2/app/public/wp-content/plugins/clinical-services-plugin/clinical-services.php(46): require_once()
#1 /home/sethmunyasi/Local Sites/webuyewesthospital2/app/public/wp-includes/class-wp-hook.php(341): ClinicalServices\{closure}('')
#2 /home/sethmunyasi/Local Sites/webuyewesthospital2/app/public/wp-includes/class-wp-hook.php(365): WP_Hook->apply_filters(NULL, Array)
#3 /home/sethmunyasi/Local Sites/webuyewesthospital2/app/public/wp-includes/plugin.php(522): WP_Hook->do_action(Array)
#4 /home/sethmunyasi/Local Sites/webuyewesthospital2/app/public/wp-settings.php(593): do_action('plugins_loaded')
#5 /home/sethmunyasi/Local Sites/webuyewesthospital2/app/public/wp-config.php(105): require_once('/home/sethmunya...')
#6 /home/sethmunyasi/Local Sites/webuyewesthospital2/app/public/wp-load.php(50): require_once('/home/sethmunya...')
#7 /home/sethmunyasi/Local Sites/webuyewesthospital2/app/public/wp-cron.php(46): require_once('/home/sethmunya...')
#8 {main}
  thrown in /home/sethmunyasi/Local Sites/webuyewesthospital2/app/public/wp-content/plugins/clinical-services-plugin/widgets/class-carousel-widget.php on line 28
[21-Mar-2026 04:53:41 UTC] PHP Fatal error:  Uncaught Error: Class "Elementor\Widget_Base" not found in /home/sethmunyasi/Local Sites/webuyewesthospital2/app/public/wp-content/plugins/clinical-services-plugin/widgets/class-carousel-widget.php:28
Stack trace:
#0 /home/sethmunyasi/Local Sites/webuyewesthospital2/app/public/wp-content/plugins/clinical-services-plugin/clinical-services.php(46): require_once()
#1 /home/sethmunyasi/Local Sites/webuyewesthospital2/app/public/wp-includes/class-wp-hook.php(341): ClinicalServices\{closure}('')
#2 /home/sethmunyasi/Local Sites/webuyewesthospital2/app/public/wp-includes/class-wp-hook.php(365): WP_Hook->apply_filters(NULL, Array)
#3 /home/sethmunyasi/Local Sites/webuyewesthospital2/app/public/wp-includes/plugin.php(522): WP_Hook->do_action(Array)
#4 /home/sethmunyasi/Local Sites/webuyewesthospital2/app/public/wp-settings.php(593): do_action('plugins_loaded')
#5 /home/sethmunyasi/Local Sites/webuyewesthospital2/app/public/wp-config.php(105): require_once('/home/sethmunya...')
#6 /home/sethmunyasi/Local Sites/webuyewesthospital2/app/public/wp-load.php(50): require_once('/home/sethmunya...')
#7 /home/sethmunyasi/Local Sites/webuyewesthospital2/app/public/wp-admin/admin.php(35): require_once('/home/sethmunya...')
#8 /home/sethmunyasi/Local Sites/webuyewesthospital2/app/public/wp-admin/plugins.php(10): require_once('/home/sethmunya...')
#9 {main}
  thrown in /home/sethmunyasi/Local Sites/webuyewesthospital2/app/public/wp-content/plugins/clinical-services-plugin/widgets/class-carousel-widget.php on line 28
[21-Mar-2026 04:53:47 UTC] PHP Fatal error:  Uncaught Error: Class "Elementor\Widget_Base" not found in /home/sethmunyasi/Local Sites/webuyewesthospital2/app/public/wp-content/plugins/clinical-services-plugin/widgets/class-carousel-widget.php:28
Stack trace:
#0 /home/sethmunyasi/Local Sites/webuyewesthospital2/app/public/wp-content/plugins/clinical-services-plugin/clinical-services.php(46): require_once()
#1 /home/sethmunyasi/Local Sites/webuyewesthospital2/app/public/wp-includes/class-wp-hook.php(341): ClinicalServices\{closure}('')
#2 /home/sethmunyasi/Local Sites/webuyewesthospital2/app/public/wp-includes/class-wp-hook.php(365): WP_Hook->apply_filters(NULL, Array)
#3 /home/sethmunyasi/Local Sites/webuyewesthospital2/app/public/wp-includes/plugin.php(522): WP_Hook->do_action(Array)
#4 /home/sethmunyasi/Local Sites/webuyewesthospital2/app/public/wp-settings.php(593): do_action('plugins_loaded')
#5 /home/sethmunyasi/Local Sites/webuyewesthospital2/app/public/wp-config.php(105): require_once('/home/sethmunya...')
#6 /home/sethmunyasi/Local Sites/webuyewesthospital2/app/public/wp-load.php(50): require_once('/home/sethmunya...')
#7 /home/sethmunyasi/Local Sites/webuyewesthospital2/app/public/wp-admin/admin.php(35): require_once('/home/sethmunya...')
#8 /home/sethmunyasi/Local Sites/webuyewesthospital2/app/public/wp-admin/update.php(16): require_once('/home/sethmunya...')
#9 {main}
  thrown in /home/sethmunyasi/Local Sites/webuyewesthospital2/app/public/wp-content/plugins/clinical-services-plugin/widgets/class-carousel-widget.php on line 28
[21-Mar-2026 04:53:48 UTC] PHP Fatal error:  Uncaught Error: Class "Elementor\Widget_Base" not found in /home/sethmunyasi/Local Sites/webuyewesthospital2/app/public/wp-content/plugins/clinical-services-plugin/widgets/class-carousel-widget.php:28
Stack trace:
#0 /home/sethmunyasi/Local Sites/webuyewesthospital2/app/public/wp-content/plugins/clinical-services-plugin/clinical-services.php(46): require_once()
#1 /home/sethmunyasi/Local Sites/webuyewesthospital2/app/public/wp-includes/class-wp-hook.php(341): ClinicalServices\{closure}('')
#2 /home/sethmunyasi/Local Sites/webuyewesthospital2/app/public/wp-includes/class-wp-hook.php(365): WP_Hook->apply_filters(NULL, Array)
#3 /home/sethmunyasi/Local Sites/webuyewesthospital2/app/public/wp-includes/plugin.php(522): WP_Hook->do_action(Array)
#4 /home/sethmunyasi/Local Sites/webuyewesthospital2/app/public/wp-settings.php(593): do_action('plugins_loaded')
#5 /home/sethmunyasi/Local Sites/webuyewesthospital2/app/public/wp-config.php(105): require_once('/home/sethmunya...')
#6 /home/sethmunyasi/Local Sites/webuyewesthospital2/app/public/wp-load.php(50): require_once('/home/sethmunya...')
#7 /home/sethmunyasi/Local Sites/webuyewesthospital2/app/public/wp-admin/admin.php(35): require_once('/home/sethmunya...')
#8 /home/sethmunyasi/Local Sites/webuyewesthospital2/app/public/wp-admin/plugin-install.php(16): require_once('/home/sethmunya...')
#9 {main}
  thrown in /home/sethmunyasi/Local Sites/webuyewesthospital2/app/public/wp-content/plugins/clinical-services-plugin/widgets/class-carousel-widget.php on line 28
[21-Mar-2026 04:54:51 UTC] PHP Fatal error:  Uncaught Error: Class "Elementor\Widget_Base" not found in /home/sethmunyasi/Local Sites/webuyewesthospital2/app/public/wp-content/plugins/clinical-services-plugin/widgets/class-carousel-widget.php:28
Stack trace:
#0 /home/sethmunyasi/Local Sites/webuyewesthospital2/app/public/wp-content/plugins/clinical-services-plugin/clinical-services.php(46): require_once()
#1 /home/sethmunyasi/Local Sites/webuyewesthospital2/app/public/wp-includes/class-wp-hook.php(341): ClinicalServices\{closure}('')
#2 /home/sethmunyasi/Local Sites/webuyewesthospital2/app/public/wp-includes/class-wp-hook.php(365): WP_Hook->apply_filters(NULL, Array)
#3 /home/sethmunyasi/Local Sites/webuyewesthospital2/app/public/wp-includes/plugin.php(522): WP_Hook->do_action(Array)
#4 /home/sethmunyasi/Local Sites/webuyewesthospital2/app/public/wp-settings.php(593): do_action('plugins_loaded')
#5 /home/sethmunyasi/Local Sites/webuyewesthospital2/app/public/wp-config.php(105): require_once('/home/sethmunya...')
#6 /home/sethmunyasi/Local Sites/webuyewesthospital2/app/public/wp-load.php(50): require_once('/home/sethmunya...')
#7 /home/sethmunyasi/Local Sites/webuyewesthospital2/app/public/wp-admin/admin-ajax.php(22): require_once('/home/sethmunya...')
#8 {main}
  thrown in /home/sethmunyasi/Local Sites/webuyewesthospital2/app/public/wp-content/plugins/clinical-services-plugin/widgets/class-carousel-widget.php on line 28
[21-Mar-2026 04:54:59 UTC] PHP Fatal error:  Uncaught Error: Class "Elementor\Widget_Base" not found in /home/sethmunyasi/Local Sites/webuyewesthospital2/app/public/wp-content/plugins/clinical-services-plugin/widgets/class-carousel-widget.php:28
Stack trace:
#0 /home/sethmunyasi/Local Sites/webuyewesthospital2/app/public/wp-content/plugins/clinical-services-plugin/clinical-services.php(46): require_once()
#1 /home/sethmunyasi/Local Sites/webuyewesthospital2/app/public/wp-includes/class-wp-hook.php(341): ClinicalServices\{closure}('')
#2 /home/sethmunyasi/Local Sites/webuyewesthospital2/app/public/wp-includes/class-wp-hook.php(365): WP_Hook->apply_filters(NULL, Array)
#3 /home/sethmunyasi/Local Sites/webuyewesthospital2/app/public/wp-includes/plugin.php(522): WP_Hook->do_action(Array)
#4 /home/sethmunyasi/Local Sites/webuyewesthospital2/app/public/wp-settings.php(593): do_action('plugins_loaded')
#5 /home/sethmunyasi/Local Sites/webuyewesthospital2/app/public/wp-config.php(105): require_once('/home/sethmunya...')
#6 /home/sethmunyasi/Local Sites/webuyewesthospital2/app/public/wp-load.php(50): require_once('/home/sethmunya...')
#7 /home/sethmunyasi/Local Sites/webuyewesthospital2/app/public/wp-admin/admin-ajax.php(22): require_once('/home/sethmunya...')
#8 {main}
  thrown in /home/sethmunyasi/Local Sites/webuyewesthospital2/app/public/wp-content/plugins/clinical-services-plugin/widgets/class-carousel-widget.php on line 28
[21-Mar-2026 06:26:45 UTC] PHP Warning:  Undefined array key "desc" in /home/sethmunyasi/Local Sites/webuyewesthospital2/app/public/wp-content/plugins/custom-card-carousel/templates/admin.php on line 17
[21-Mar-2026 06:26:45 UTC] PHP Warning:  Undefined array key "btn" in /home/sethmunyasi/Local Sites/webuyewesthospital2/app/public/wp-content/plugins/custom-card-carousel/templates/admin.php on line 18
[21-Mar-2026 06:26:45 UTC] PHP Warning:  Undefined array key "url" in /home/sethmunyasi/Local Sites/webuyewesthospital2/app/public/wp-content/plugins/custom-card-carousel/templates/admin.php on line 19
[21-Mar-2026 06:26:45 UTC] PHP Warning:  Undefined array key "desc" in /home/sethmunyasi/Local Sites/webuyewesthospital2/app/public/wp-content/plugins/custom-card-carousel/templates/admin.php on line 17
[21-Mar-2026 06:26:45 UTC] PHP Warning:  Undefined array key "btn" in /home/sethmunyasi/Local Sites/webuyewesthospital2/app/public/wp-content/plugins/custom-card-carousel/templates/admin.php on line 18
[21-Mar-2026 06:26:45 UTC] PHP Warning:  Undefined array key "url" in /home/sethmunyasi/Local Sites/webuyewesthospital2/app/public/wp-content/plugins/custom-card-carousel/templates/admin.php on line 19
[21-Mar-2026 06:26:45 UTC] PHP Warning:  Undefined array key "desc" in /home/sethmunyasi/Local Sites/webuyewesthospital2/app/public/wp-content/plugins/custom-card-carousel/templates/admin.php on line 17
[21-Mar-2026 06:26:45 UTC] PHP Warning:  Undefined array key "btn" in /home/sethmunyasi/Local Sites/webuyewesthospital2/app/public/wp-content/plugins/custom-card-carousel/templates/admin.php on line 18
[21-Mar-2026 06:26:45 UTC] PHP Warning:  Undefined array key "url" in /home/sethmunyasi/Local Sites/webuyewesthospital2/app/public/wp-content/plugins/custom-card-carousel/templates/admin.php on line 19
[21-Mar-2026 06:26:45 UTC] PHP Warning:  Undefined array key "desc" in /home/sethmunyasi/Local Sites/webuyewesthospital2/app/public/wp-content/plugins/custom-card-carousel/templates/admin.php on line 17
[21-Mar-2026 06:26:45 UTC] PHP Warning:  Undefined array key "btn" in /home/sethmunyasi/Local Sites/webuyewesthospital2/app/public/wp-content/plugins/custom-card-carousel/templates/admin.php on line 18
[21-Mar-2026 06:26:45 UTC] PHP Warning:  Undefined array key "url" in /home/sethmunyasi/Local Sites/webuyewesthospital2/app/public/wp-content/plugins/custom-card-carousel/templates/admin.php on line 19
[21-Mar-2026 06:26:45 UTC] PHP Warning:  Undefined array key "desc" in /home/sethmunyasi/Local Sites/webuyewesthospital2/app/public/wp-content/plugins/custom-card-carousel/templates/admin.php on line 17
[21-Mar-2026 06:26:45 UTC] PHP Warning:  Undefined array key "btn" in /home/sethmunyasi/Local Sites/webuyewesthospital2/app/public/wp-content/plugins/custom-card-carousel/templates/admin.php on line 18
[21-Mar-2026 06:26:45 UTC] PHP Warning:  Undefined array key "url" in /home/sethmunyasi/Local Sites/webuyewesthospital2/app/public/wp-content/plugins/custom-card-carousel/templates/admin.php on line 19
[21-Mar-2026 06:27:58 UTC] PHP Warning:  Undefined array key "pro-free-trial-popup" in /home/sethmunyasi/Local Sites/webuyewesthospital2/app/public/wp-content/plugins/elementor/modules/pro-free-trial-popup/module.php on line 118
[21-Mar-2026 06:27:58 UTC] PHP Warning:  Trying to access array offset on value of type null in /home/sethmunyasi/Local Sites/webuyewesthospital2/app/public/wp-content/plugins/elementor/modules/pro-free-trial-popup/module.php on line 118
[21-Mar-2026 06:27:58 UTC] PHP Warning:  Trying to access array offset on value of type null in /home/sethmunyasi/Local Sites/webuyewesthospital2/app/public/wp-content/plugins/elementor/modules/pro-free-trial-popup/module.php on line 118
[21-Mar-2026 18:45:46 UTC] WordPress database error Server shutdown in progress for query UPDATE `wp_options` SET `option_value` = 'O:8:\"stdClass\":4:{s:7:\"updates\";a:1:{i:0;O:8:\"stdClass\":10:{s:8:\"response\";s:6:\"latest\";s:8:\"download\";s:59:\"https://downloads.wordpress.org/release/wordpress-6.9.4.zip\";s:6:\"locale\";s:5:\"en_US\";s:8:\"packages\";O:8:\"stdClass\":5:{s:4:\"full\";s:59:\"https://downloads.wordpress.org/release/wordpress-6.9.4.zip\";s:10:\"no_content\";s:70:\"https://downloads.wordpress.org/release/wordpress-6.9.4-no-content.zip\";s:11:\"new_bundled\";s:71:\"https://downloads.wordpress.org/release/wordpress-6.9.4-new-bundled.zip\";s:7:\"partial\";s:0:\"\";s:8:\"rollback\";s:0:\"\";}s:7:\"current\";s:5:\"6.9.4\";s:7:\"version\";s:5:\"6.9.4\";s:11:\"php_version\";s:6:\"7.2.24\";s:13:\"mysql_version\";s:5:\"5.5.5\";s:11:\"new_bundled\";s:3:\"6.7\";s:15:\"partial_version\";s:0:\"\";}}s:12:\"last_checked\";i:1774118746;s:15:\"version_checked\";s:5:\"6.9.4\";s:12:\"translations\";a:0:{}}', `autoload` = 'off' WHERE `option_name` = '_site_transient_update_core' made by include('phar:///opt/Local/resources/extraResources/bin/wp-cli/wp-cli.phar/php/boot-phar.php'), include('phar:///opt/Local/resources/extraResources/bin/wp-cli/wp-cli.phar/vendor/wp-cli/wp-cli/php/wp-cli.php'), WP_CLI\bootstrap, WP_CLI\Bootstrap\LaunchRunner->process, WP_CLI\Runner->start, WP_CLI\Runner->run_command_and_exit, WP_CLI\Runner->run_command, WP_CLI\Dispatcher\Subcommand->invoke, call_user_func, WP_CLI\Dispatcher\CommandFactory::WP_CLI\Dispatcher\{closure}, call_user_func, Core_Command->check_update, Core_Command->get_updates, wp_version_check, set_site_transient, update_site_option, update_network_option, update_option
